app/build/outputs/logs/manifest-merger-debug-report.txt
-- Merging decision tree log ---
manifest
ADDED from src\main\AndroidManifest.xml:2:1-100:12
	package
		ADDED from src\main\AndroidManifest.xml:3:2-22
		INJECTED from src\main\AndroidManifest.xml
		INJECTED from src\main\AndroidManifest.xml
	android:versionName
		ADDED from src\main\AndroidManifest.xml:5:5-30
		INJECTED from src\main\AndroidManifest.xml
		INJECTED from src\main\AndroidManifest.xml
	android:versionCode
		ADDED from src\main\AndroidManifest.xml:4:5-28
		INJECTED from src\main\AndroidManifest.xml
		INJECTED from src\main\AndroidManifest.xml
	xmlns:android
		ADDED from src\main\AndroidManifest.xml:2:11-69
uses-sdk
ADDED from src\main\AndroidManifest.xml:7:5-10:4
MERGED from [com.android.support:support-v4:22.2.0] AndroidManifest.xml:20:5-43
MERGED from [com.google.android.gms:play-services-appindexing:8.1.0] AndroidManifest.xml:18:5-42
MERGED from [com.google.android.gms:play-services-basement:8.1.0] AndroidManifest.xml:18:5-42
MERGED from [com.android.support:support-v4:22.2.0] AndroidManifest.xml:20:5-43
	android:targetSdkVersion
		ADDED from src\main\AndroidManifest.xml:9:9-38
		INJECTED from src\main\AndroidManifest.xml
		INJECTED from src\main\AndroidManifest.xml
	android:minSdkVersion
		ADDED from src\main\AndroidManifest.xml:8:3-29
		INJECTED from src\main\AndroidManifest.xml
		INJECTED from src\main\AndroidManifest.xml
application
ADDED from src\main\AndroidManifest.xml:12:2-93:16
MERGED from [com.android.support:support-v4:22.2.0] AndroidManifest.xml:22:5-20
MERGED from [com.google.android.gms:play-services-appindexing:8.1.0] AndroidManifest.xml:19:5-20
MERGED from [com.google.android.gms:play-services-basement:8.1.0] AndroidManifest.xml:20:5-24:19
MERGED from [com.android.support:support-v4:22.2.0] AndroidManifest.xml:22:5-20
	android:label
		ADDED from src\main\AndroidManifest.xml:15:9-41
	android:icon
		ADDED from src\main\AndroidManifest.xml:14:3-39
	android:theme
		ADDED from src\main\AndroidManifest.xml:13:3-61
activity#com.my.abd.MainActivity
ADDED from src\main\AndroidManifest.xml:16:3-26:20
	android:screenOrientation
		ADDED from src\main\AndroidManifest.xml:17:4-40
	android:label
		ADDED from src\main\AndroidManifest.xml:18:13-45
	android:name
		ADDED from src\main\AndroidManifest.xml:19:4-32
intent-filter#android.intent.action.MAIN+android.intent.category.LAUNCHER
ADDED from src\main\AndroidManifest.xml:21:13-25:29
action#android.intent.action.MAIN
ADDED from src\main\AndroidManifest.xml:22:17-69
	android:name
		ADDED from src\main\AndroidManifest.xml:22:25-66
category#android.intent.category.LAUNCHER
ADDED from src\main\AndroidManifest.xml:24:17-77
	android:name
		ADDED from src\main\AndroidManifest.xml:24:27-74
activity#com.my.abd.InputActivity
ADDED from src\main\AndroidManifest.xml:27:3-33:14
	android:screenOrientation
		ADDED from src\main\AndroidManifest.xml:29:4-40
	android:label
		ADDED from src\main\AndroidManifest.xml:30:4-22
	android:windowSoftInputMode
		ADDED from src\main\AndroidManifest.xml:32:4-63
	android:theme
		ADDED from src\main\AndroidManifest.xml:28:4-41
	android:name
		ADDED from src\main\AndroidManifest.xml:31:13-42
activity#com.my.abd.Mylisy
ADDED from src\main\AndroidManifest.xml:34:3-39:14
	android:screenOrientation
		ADDED from src\main\AndroidManifest.xml:36:4-40
	android:label
		ADDED from src\main\AndroidManifest.xml:37:13-33
	android:theme
		ADDED from src\main\AndroidManifest.xml:35:4-41
	android:name
		ADDED from src\main\AndroidManifest.xml:38:13-35
activity#com.my.abd.AddTypeActivity
ADDED from src\main\AndroidManifest.xml:40:3-45:14
	android:screenOrientation
		ADDED from src\main\AndroidManifest.xml:42:4-40
	android:label
		ADDED from src\main\AndroidManifest.xml:43:13-31
	android:theme
		ADDED from src\main\AndroidManifest.xml:41:4-41
	android:name
		ADDED from src\main\AndroidManifest.xml:44:13-44
activity#com.my.abd.TypeActivity
ADDED from src\main\AndroidManifest.xml:46:3-51:14
	android:screenOrientation
		ADDED from src\main\AndroidManifest.xml:48:4-40
	android:label
		ADDED from src\main\AndroidManifest.xml:49:13-31
	android:theme
		ADDED from src\main\AndroidManifest.xml:47:4-41
	android:name
		ADDED from src\main\AndroidManifest.xml:50:13-41
activity#com.my.abd.InstallActivity
ADDED from src\main\AndroidManifest.xml:52:3-57:14
	android:screenOrientation
		ADDED from src\main\AndroidManifest.xml:54:4-40
	android:label
		ADDED from src\main\AndroidManifest.xml:55:13-31
	android:theme
		ADDED from src\main\AndroidManifest.xml:53:4-41
	android:name
		ADDED from src\main\AndroidManifest.xml:56:13-44
activity#com.my.abd.UserActivity
ADDED from src\main\AndroidManifest.xml:58:3-62:14
	android:screenOrientation
		ADDED from src\main\AndroidManifest.xml:59:4-40
	android:label
		ADDED from src\main\AndroidManifest.xml:60:13-32
	android:name
		ADDED from src\main\AndroidManifest.xml:61:13-41
activity#com.my.abd.yuelist
ADDED from src\main\AndroidManifest.xml:63:3-67:14
	android:screenOrientation
		ADDED from src\main\AndroidManifest.xml:64:4-40
	android:label
		ADDED from src\main\AndroidManifest.xml:65:13-32
	android:name
		ADDED from src\main\AndroidManifest.xml:66:13-36
activity#com.my.abd.HuaPing
ADDED from src\main\AndroidManifest.xml:68:3-73:14
	android:screenOrientation
		ADDED from src\main\AndroidManifest.xml:70:4-40
	android:label
		ADDED from src\main\AndroidManifest.xml:71:4-22
	android:theme
		ADDED from src\main\AndroidManifest.xml:69:4-41
	android:name
		ADDED from src\main\AndroidManifest.xml:72:4-27
activity#com.my.abd.BangZhu
ADDED from src\main\AndroidManifest.xml:74:3-77:14
	android:label
		ADDED from src\main\AndroidManifest.xml:75:13-31
	android:name
		ADDED from src\main\AndroidManifest.xml:76:13-36
activity#com.my.abd.GuanYu
ADDED from src\main\AndroidManifest.xml:78:3-82:14
	android:label
		ADDED from src\main\AndroidManifest.xml:80:4-22
	android:theme
		ADDED from src\main\AndroidManifest.xml:79:4-47
	android:name
		ADDED from src\main\AndroidManifest.xml:81:4-26
activity#com.my.abd.UpdateActivity
ADDED from src\main\AndroidManifest.xml:83:3-87:14
	android:label
		ADDED from src\main\AndroidManifest.xml:85:4-22
	android:theme
		ADDED from src\main\AndroidManifest.xml:84:4-41
	android:name
		ADDED from src\main\AndroidManifest.xml:86:4-34
meta-data#com.google.android.gms.version
ADDED from src\main\AndroidManifest.xml:89:3-91:60
MERGED from [com.google.android.gms:play-services-basement:8.1.0] AndroidManifest.xml:21:9-23:69
	android:value
		ADDED from src\main\AndroidManifest.xml:91:4-57
	android:name
		ADDED from src\main\AndroidManifest.xml:90:4-49
uses-permission#android.permission.MOUNT_UNMOUNT_FILESYSTEMS
ADDED from src\main\AndroidManifest.xml:97:2-80
	android:name
		ADDED from src\main\AndroidManifest.xml:97:19-78
uses-permission#android.permission.WRITE_EXTERNAL_STORAGE
ADDED from src\main\AndroidManifest.xml:99:2-77
	android:name
		ADDED from src\main\AndroidManifest.xml:99:19-75